[2021-02-01 17:38:14.526] [renderer1] [error] [File Watcher (node.js)] Error: ENOENT: no such file or directory, stat '/home/genius/Documents/project/react/genesiscinema/.vscode'
[2021-02-02 10:48:55.582] [renderer1] [error] <semantic> TypeScript Server Error (4.1.2)
Debug Failure. False expression.
Error: Debug Failure. False expression.
    at /usr/share/code/resources/app/extensions/node_modules/typescript/lib/tsserver.js:128621:34
    at Object.forEach (/usr/share/code/resources/app/extensions/node_modules/typescript/lib/tsserver.js:188:30)
    at getSymbolKindOfConstructorPropertyMethodAccessorFunctionOrVar (/usr/share/code/resources/app/extensions/node_modules/typescript/lib/tsserver.js:128615:48)
    at Object.getSymbolKind (/usr/share/code/resources/app/extensions/node_modules/typescript/lib/tsserver.js:128545:26)
    at createCompletionEntry (/usr/share/code/resources/app/extensions/node_modules/typescript/lib/tsserver.js:118152:40)
    at getCompletionEntriesFromSymbols (/usr/share/code/resources/app/extensions/node_modules/typescript/lib/tsserver.js:118199:29)
    at completionInfoFromData (/usr/share/code/resources/app/extensions/node_modules/typescript/lib/tsserver.js:118023:35)
    at Object.getCompletionsAtPosition (/usr/share/code/resources/app/extensions/node_modules/typescript/lib/tsserver.js:117981:28)
    at Proxy.getCompletionsAtPosition (/usr/share/code/resources/app/extensions/node_modules/typescript/lib/tsserver.js:146718:35)
    at IOSession.Session.getCompletions (/usr/share/code/resources/app/extensions/node_modules/typescript/lib/tsserver.js:157642:64)
    at Session.handlers.ts.Map.ts.getEntries._a.<computed> (/usr/share/code/resources/app/extensions/node_modules/typescript/lib/tsserver.js:156526:61)
    at /usr/share/code/resources/app/extensions/node_modules/typescript/lib/tsserver.js:158276:88
    at IOSession.Session.executeWithRequestId (/usr/share/code/resources/app/extensions/node_modules/typescript/lib/tsserver.js:158267:28)
    at IOSession.Session.executeCommand (/usr/share/code/resources/app/extensions/node_modules/typescript/lib/tsserver.js:158276:33)
    at IOSession.Session.onMessage (/usr/share/code/resources/app/extensions/node_modules/typescript/lib/tsserver.js:158300:35)
    at Interface.<anonymous> (/usr/share/code/resources/app/extensions/node_modules/typescript/lib/tsserver.js:160510:27)
    at Interface.emit (events.js:223:5)
    at Interface._onLine (readline.js:315:10)
    at Interface._normalWrite (readline.js:460:12)
    at Socket.ondata (readline.js:172:10)
    at Socket.emit (events.js:223:5)
    at addChunk (_stream_readable.js:309:12)
    at readableAddChunk (_stream_readable.js:290:11)
    at Socket.Readable.push (_stream_readable.js:224:10)
    at Pipe.onStreamRead (internal/stream_base_commons.js:181:23): Error: <semantic> TypeScript Server Error (4.1.2)
Debug Failure. False expression.
Error: Debug Failure. False expression.
    at /usr/share/code/resources/app/extensions/node_modules/typescript/lib/tsserver.js:128621:34
    at Object.forEach (/usr/share/code/resources/app/extensions/node_modules/typescript/lib/tsserver.js:188:30)
    at getSymbolKindOfConstructorPropertyMethodAccessorFunctionOrVar (/usr/share/code/resources/app/extensions/node_modules/typescript/lib/tsserver.js:128615:48)
    at Object.getSymbolKind (/usr/share/code/resources/app/extensions/node_modules/typescript/lib/tsserver.js:128545:26)
    at createCompletionEntry (/usr/share/code/resources/app/extensions/node_modules/typescript/lib/tsserver.js:118152:40)
    at getCompletionEntriesFromSymbols (/usr/share/code/resources/app/extensions/node_modules/typescript/lib/tsserver.js:118199:29)
    at completionInfoFromData (/usr/share/code/resources/app/extensions/node_modules/typescript/lib/tsserver.js:118023:35)
    at Object.getCompletionsAtPosition (/usr/share/code/resources/app/extensions/node_modules/typescript/lib/tsserver.js:117981:28)
    at Proxy.getCompletionsAtPosition (/usr/share/code/resources/app/extensions/node_modules/typescript/lib/tsserver.js:146718:35)
    at IOSession.Session.getCompletions (/usr/share/code/resources/app/extensions/node_modules/typescript/lib/tsserver.js:157642:64)
    at Session.handlers.ts.Map.ts.getEntries._a.<computed> (/usr/share/code/resources/app/extensions/node_modules/typescript/lib/tsserver.js:156526:61)
    at /usr/share/code/resources/app/extensions/node_modules/typescript/lib/tsserver.js:158276:88
    at IOSession.Session.executeWithRequestId (/usr/share/code/resources/app/extensions/node_modules/typescript/lib/tsserver.js:158267:28)
    at IOSession.Session.executeCommand (/usr/share/code/resources/app/extensions/node_modules/typescript/lib/tsserver.js:158276:33)
    at IOSession.Session.onMessage (/usr/share/code/resources/app/extensions/node_modules/typescript/lib/tsserver.js:158300:35)
    at Interface.<anonymous> (/usr/share/code/resources/app/extensions/node_modules/typescript/lib/tsserver.js:160510:27)
    at Interface.emit (events.js:223:5)
    at Interface._onLine (readline.js:315:10)
    at Interface._normalWrite (readline.js:460:12)
    at Socket.ondata (readline.js:172:10)
    at Socket.emit (events.js:223:5)
    at addChunk (_stream_readable.js:309:12)
    at readableAddChunk (_stream_readable.js:290:11)
    at Socket.Readable.push (_stream_readable.js:224:10)
    at Pipe.onStreamRead (internal/stream_base_commons.js:181:23)
	at Function.create (/usr/share/code/resources/app/extensions/typescript-language-features/dist/extension.js:1:76778)
	at dispatchResponse (/usr/share/code/resources/app/extensions/typescript-language-features/dist/extension.js:1:70653)
	at dispatchMessage (/usr/share/code/resources/app/extensions/typescript-language-features/dist/extension.js:1:69512)
	at /usr/share/code/resources/app/extensions/typescript-language-features/dist/extension.js:1:69022
	at l.fire (/usr/share/code/resources/app/out/vs/workbench/services/extensions/node/extensionHostProcess.js:46:801)
	at g.onLengthData (/usr/share/code/resources/app/extensions/typescript-language-features/dist/extension.js:45:60018)
	at Socket.<anonymous> (/usr/share/code/resources/app/extensions/typescript-language-features/dist/extension.js:45:59666)
	at Socket.emit (events.js:223:5)
	at addChunk (_stream_readable.js:309:12)
	at readableAddChunk (_stream_readable.js:290:11)
	at Socket.Readable.push (_stream_readable.js:224:10)
	at Pipe.onStreamRead (internal/stream_base_commons.js:181:23)
[2021-02-02 10:51:00.082] [renderer1] [error] <semantic> TypeScript Server Error (4.1.2)
Debug Failure. False expression: `JsxText` tokens should not be the first child of `JsxElement | JsxSelfClosingElement`
Error: Debug Failure. False expression: `JsxText` tokens should not be the first child of `JsxElement | JsxSelfClosingElement`
    at findRightmostChildNodeWithTokens (/usr/share/code/resources/app/extensions/node_modules/typescript/lib/tsserver.js:114350:26)
    at find (/usr/share/code/resources/app/extensions/node_modules/typescript/lib/tsserver.js:114324:29)
    at findPrecedingToken (/usr/share/code/resources/app/extensions/node_modules/typescript/lib/tsserver.js:114274:22)
    at getTokenAtPositionWorker (/usr/share/code/resources/app/extensions/node_modules/typescript/lib/tsserver.js:114224:41)
    at getTouchingToken (/usr/share/code/resources/app/extensions/node_modules/typescript/lib/tsserver.js:114198:16)
    at Object.getTouchingPropertyName (/usr/share/code/resources/app/extensions/node_modules/typescript/lib/tsserver.js:114190:16)
    at Proxy.getQuickInfoAtPosition (/usr/share/code/resources/app/extensions/node_modules/typescript/lib/tsserver.js:146734:27)
    at IOSession.Session.getQuickInfoWorker (/usr/share/code/resources/app/extensions/node_modules/typescript/lib/tsserver.js:157539:62)
    at Session.handlers.ts.Map.ts.getEntries._a.<computed> (/usr/share/code/resources/app/extensions/node_modules/typescript/lib/tsserver.js:156478:61)
    at /usr/share/code/resources/app/extensions/node_modules/typescript/lib/tsserver.js:158276:88
    at IOSession.Session.executeWithRequestId (/usr/share/code/resources/app/extensions/node_modules/typescript/lib/tsserver.js:158267:28)
    at IOSession.Session.executeCommand (/usr/share/code/resources/app/extensions/node_modules/typescript/lib/tsserver.js:158276:33)
    at IOSession.Session.onMessage (/usr/share/code/resources/app/extensions/node_modules/typescript/lib/tsserver.js:158300:35)
    at Interface.<anonymous> (/usr/share/code/resources/app/extensions/node_modules/typescript/lib/tsserver.js:160510:27)
    at Interface.emit (events.js:223:5)
    at Interface._onLine (readline.js:315:10)
    at Interface._normalWrite (readline.js:460:12)
    at Socket.ondata (readline.js:172:10)
    at Socket.emit (events.js:223:5)
    at addChunk (_stream_readable.js:309:12)
    at readableAddChunk (_stream_readable.js:290:11)
    at Socket.Readable.push (_stream_readable.js:224:10)
    at Pipe.onStreamRead (internal/stream_base_commons.js:181:23): Error: <semantic> TypeScript Server Error (4.1.2)
Debug Failure. False expression: `JsxText` tokens should not be the first child of `JsxElement | JsxSelfClosingElement`
Error: Debug Failure. False expression: `JsxText` tokens should not be the first child of `JsxElement | JsxSelfClosingElement`
    at findRightmostChildNodeWithTokens (/usr/share/code/resources/app/extensions/node_modules/typescript/lib/tsserver.js:114350:26)
    at find (/usr/share/code/resources/app/extensions/node_modules/typescript/lib/tsserver.js:114324:29)
    at findPrecedingToken (/usr/share/code/resources/app/extensions/node_modules/typescript/lib/tsserver.js:114274:22)
    at getTokenAtPositionWorker (/usr/share/code/resources/app/extensions/node_modules/typescript/lib/tsserver.js:114224:41)
    at getTouchingToken (/usr/share/code/resources/app/extensions/node_modules/typescript/lib/tsserver.js:114198:16)
    at Object.getTouchingPropertyName (/usr/share/code/resources/app/extensions/node_modules/typescript/lib/tsserver.js:114190:16)
    at Proxy.getQuickInfoAtPosition (/usr/share/code/resources/app/extensions/node_modules/typescript/lib/tsserver.js:146734:27)
    at IOSession.Session.getQuickInfoWorker (/usr/share/code/resources/app/extensions/node_modules/typescript/lib/tsserver.js:157539:62)
    at Session.handlers.ts.Map.ts.getEntries._a.<computed> (/usr/share/code/resources/app/extensions/node_modules/typescript/lib/tsserver.js:156478:61)
    at /usr/share/code/resources/app/extensions/node_modules/typescript/lib/tsserver.js:158276:88
    at IOSession.Session.executeWithRequestId (/usr/share/code/resources/app/extensions/node_modules/typescript/lib/tsserver.js:158267:28)
    at IOSession.Session.executeCommand (/usr/share/code/resources/app/extensions/node_modules/typescript/lib/tsserver.js:158276:33)
    at IOSession.Session.onMessage (/usr/share/code/resources/app/extensions/node_modules/typescript/lib/tsserver.js:158300:35)
    at Interface.<anonymous> (/usr/share/code/resources/app/extensions/node_modules/typescript/lib/tsserver.js:160510:27)
    at Interface.emit (events.js:223:5)
    at Interface._onLine (readline.js:315:10)
    at Interface._normalWrite (readline.js:460:12)
    at Socket.ondata (readline.js:172:10)
    at Socket.emit (events.js:223:5)
    at addChunk (_stream_readable.js:309:12)
    at readableAddChunk (_stream_readable.js:290:11)
    at Socket.Readable.push (_stream_readable.js:224:10)
    at Pipe.onStreamRead (internal/stream_base_commons.js:181:23)
	at Function.create (/usr/share/code/resources/app/extensions/typescript-language-features/dist/extension.js:1:76778)
	at dispatchResponse (/usr/share/code/resources/app/extensions/typescript-language-features/dist/extension.js:1:70653)
	at dispatchMessage (/usr/share/code/resources/app/extensions/typescript-language-features/dist/extension.js:1:69512)
	at /usr/share/code/resources/app/extensions/typescript-language-features/dist/extension.js:1:69022
	at l.fire (/usr/share/code/resources/app/out/vs/workbench/services/extensions/node/extensionHostProcess.js:46:801)
	at g.onLengthData (/usr/share/code/resources/app/extensions/typescript-language-features/dist/extension.js:45:60018)
	at Socket.<anonymous> (/usr/share/code/resources/app/extensions/typescript-language-features/dist/extension.js:45:59666)
	at Socket.emit (events.js:223:5)
	at addChunk (_stream_readable.js:309:12)
	at readableAddChunk (_stream_readable.js:290:11)
	at Socket.Readable.push (_stream_readable.js:224:10)
	at Pipe.onStreamRead (internal/stream_base_commons.js:181:23)
[2021-02-02 11:36:39.312] [renderer1] [error] <semantic> TypeScript Server Error (4.1.2)
Debug Failure.
Error: Debug Failure.
    at getExportEqualsLocalSymbol (/usr/share/code/resources/app/extensions/node_modules/typescript/lib/tsserver.js:121292:33)
    at getImport (/usr/share/code/resources/app/extensions/node_modules/typescript/lib/tsserver.js:121263:38)
    at Object.getImportOrExportSymbol (/usr/share/code/resources/app/extensions/node_modules/typescript/lib/tsserver.js:121176:68)
    at getImportOrExportReferences (/usr/share/code/resources/app/extensions/node_modules/typescript/lib/tsserver.js:122701:56)
    at getReferencesAtLocation (/usr/share/code/resources/app/extensions/node_modules/typescript/lib/tsserver.js:122631:17)
    at getReferencesInContainer (/usr/share/code/resources/app/extensions/node_modules/typescript/lib/tsserver.js:122575:21)
    at getReferencesInContainerOrFiles (/usr/share/code/resources/app/extensions/node_modules/typescript/lib/tsserver.js:122129:21)
    at getReferencedSymbolsForSymbol (/usr/share/code/resources/app/extensions/node_modules/typescript/lib/tsserver.js:122120:21)
    at Object.getReferencedSymbolsForNode (/usr/share/code/resources/app/extensions/node_modules/typescript/lib/tsserver.js:121917:34)
    at Object.getReferenceEntriesForNode (/usr/share/code/resources/app/extensions/node_modules/typescript/lib/tsserver.js:121620:40)
    at getSemanticDocumentHighlights (/usr/share/code/resources/app/extensions/node_modules/typescript/lib/tsserver.js:120247:57)
    at Object.getDocumentHighlights (/usr/share/code/resources/app/extensions/node_modules/typescript/lib/tsserver.js:120235:20)
    at Proxy.getDocumentHighlights (/usr/share/code/resources/app/extensions/node_modules/typescript/lib/tsserver.js:146815:42)
    at IOSession.Session.getDocumentHighlights (/usr/share/code/resources/app/extensions/node_modules/typescript/lib/tsserver.js:157303:71)
    at Session.handlers.ts.Map.ts.getEntries._a.<computed> (/usr/share/code/resources/app/extensions/node_modules/typescript/lib/tsserver.js:156633:61)
    at /usr/share/code/resources/app/extensions/node_modules/typescript/lib/tsserver.js:158276:88
    at IOSession.Session.executeWithRequestId (/usr/share/code/resources/app/extensions/node_modules/typescript/lib/tsserver.js:158267:28)
    at IOSession.Session.executeCommand (/usr/share/code/resources/app/extensions/node_modules/typescript/lib/tsserver.js:158276:33)
    at IOSession.Session.onMessage (/usr/share/code/resources/app/extensions/node_modules/typescript/lib/tsserver.js:158300:35)
    at Interface.<anonymous> (/usr/share/code/resources/app/extensions/node_modules/typescript/lib/tsserver.js:160510:27)
    at Interface.emit (events.js:223:5)
    at Interface._onLine (readline.js:315:10)
    at Interface._normalWrite (readline.js:460:12)
    at Socket.ondata (readline.js:172:10)
    at Socket.emit (events.js:223:5)
    at addChunk (_stream_readable.js:309:12)
    at readableAddChunk (_stream_readable.js:290:11)
    at Socket.Readable.push (_stream_readable.js:224:10)
    at Pipe.onStreamRead (internal/stream_base_commons.js:181:23): Error: <semantic> TypeScript Server Error (4.1.2)
Debug Failure.
Error: Debug Failure.
    at getExportEqualsLocalSymbol (/usr/share/code/resources/app/extensions/node_modules/typescript/lib/tsserver.js:121292:33)
    at getImport (/usr/share/code/resources/app/extensions/node_modules/typescript/lib/tsserver.js:121263:38)
    at Object.getImportOrExportSymbol (/usr/share/code/resources/app/extensions/node_modules/typescript/lib/tsserver.js:121176:68)
    at getImportOrExportReferences (/usr/share/code/resources/app/extensions/node_modules/typescript/lib/tsserver.js:122701:56)
    at getReferencesAtLocation (/usr/share/code/resources/app/extensions/node_modules/typescript/lib/tsserver.js:122631:17)
    at getReferencesInContainer (/usr/share/code/resources/app/extensions/node_modules/typescript/lib/tsserver.js:122575:21)
    at getReferencesInContainerOrFiles (/usr/share/code/resources/app/extensions/node_modules/typescript/lib/tsserver.js:122129:21)
    at getReferencedSymbolsForSymbol (/usr/share/code/resources/app/extensions/node_modules/typescript/lib/tsserver.js:122120:21)
    at Object.getReferencedSymbolsForNode (/usr/share/code/resources/app/extensions/node_modules/typescript/lib/tsserver.js:121917:34)
    at Object.getReferenceEntriesForNode (/usr/share/code/resources/app/extensions/node_modules/typescript/lib/tsserver.js:121620:40)
    at getSemanticDocumentHighlights (/usr/share/code/resources/app/extensions/node_modules/typescript/lib/tsserver.js:120247:57)
    at Object.getDocumentHighlights (/usr/share/code/resources/app/extensions/node_modules/typescript/lib/tsserver.js:120235:20)
    at Proxy.getDocumentHighlights (/usr/share/code/resources/app/extensions/node_modules/typescript/lib/tsserver.js:146815:42)
    at IOSession.Session.getDocumentHighlights (/usr/share/code/resources/app/extensions/node_modules/typescript/lib/tsserver.js:157303:71)
    at Session.handlers.ts.Map.ts.getEntries._a.<computed> (/usr/share/code/resources/app/extensions/node_modules/typescript/lib/tsserver.js:156633:61)
    at /usr/share/code/resources/app/extensions/node_modules/typescript/lib/tsserver.js:158276:88
    at IOSession.Session.executeWithRequestId (/usr/share/code/resources/app/extensions/node_modules/typescript/lib/tsserver.js:158267:28)
    at IOSession.Session.executeCommand (/usr/share/code/resources/app/extensions/node_modules/typescript/lib/tsserver.js:158276:33)
    at IOSession.Session.onMessage (/usr/share/code/resources/app/extensions/node_modules/typescript/lib/tsserver.js:158300:35)
    at Interface.<anonymous> (/usr/share/code/resources/app/extensions/node_modules/typescript/lib/tsserver.js:160510:27)
    at Interface.emit (events.js:223:5)
    at Interface._onLine (readline.js:315:10)
    at Interface._normalWrite (readline.js:460:12)
    at Socket.ondata (readline.js:172:10)
    at Socket.emit (events.js:223:5)
    at addChunk (_stream_readable.js:309:12)
    at readableAddChunk (_stream_readable.js:290:11)
    at Socket.Readable.push (_stream_readable.js:224:10)
    at Pipe.onStreamRead (internal/stream_base_commons.js:181:23)
	at Function.create (/usr/share/code/resources/app/extensions/typescript-language-features/dist/extension.js:1:76778)
	at dispatchResponse (/usr/share/code/resources/app/extensions/typescript-language-features/dist/extension.js:1:70653)
	at dispatchMessage (/usr/share/code/resources/app/extensions/typescript-language-features/dist/extension.js:1:69512)
	at /usr/share/code/resources/app/extensions/typescript-language-features/dist/extension.js:1:69022
	at l.fire (/usr/share/code/resources/app/out/vs/workbench/services/extensions/node/extensionHostProcess.js:46:801)
	at g.onLengthData (/usr/share/code/resources/app/extensions/typescript-language-features/dist/extension.js:45:60018)
	at Socket.<anonymous> (/usr/share/code/resources/app/extensions/typescript-language-features/dist/extension.js:45:59666)
	at Socket.emit (events.js:223:5)
	at addChunk (_stream_readable.js:309:12)
	at readableAddChunk (_stream_readable.js:290:11)
	at Socket.Readable.push (_stream_readable.js:224:10)
	at Pipe.onStreamRead (internal/stream_base_commons.js:181:23)
[2021-02-02 11:39:08.523] [renderer1] [error] <semantic> TypeScript Server Error (4.1.2)
Debug Failure.
Error: Debug Failure.
    at getExportEqualsLocalSymbol (/usr/share/code/resources/app/extensions/node_modules/typescript/lib/tsserver.js:121292:33)
    at getImport (/usr/share/code/resources/app/extensions/node_modules/typescript/lib/tsserver.js:121263:38)
    at Object.getImportOrExportSymbol (/usr/share/code/resources/app/extensions/node_modules/typescript/lib/tsserver.js:121176:68)
    at getImportOrExportReferences (/usr/share/code/resources/app/extensions/node_modules/typescript/lib/tsserver.js:122701:56)
    at getReferencesAtLocation (/usr/share/code/resources/app/extensions/node_modules/typescript/lib/tsserver.js:122631:17)
    at getReferencesInContainer (/usr/share/code/resources/app/extensions/node_modules/typescript/lib/tsserver.js:122575:21)
    at getReferencesInContainerOrFiles (/usr/share/code/resources/app/extensions/node_modules/typescript/lib/tsserver.js:122129:21)
    at getReferencedSymbolsForSymbol (/usr/share/code/resources/app/extensions/node_modules/typescript/lib/tsserver.js:122120:21)
    at Object.getReferencedSymbolsForNode (/usr/share/code/resources/app/extensions/node_modules/typescript/lib/tsserver.js:121917:34)
    at Object.getReferenceEntriesForNode (/usr/share/code/resources/app/extensions/node_modules/typescript/lib/tsserver.js:121620:40)
    at getSemanticDocumentHighlights (/usr/share/code/resources/app/extensions/node_modules/typescript/lib/tsserver.js:120247:57)
    at Object.getDocumentHighlights (/usr/share/code/resources/app/extensions/node_modules/typescript/lib/tsserver.js:120235:20)
    at Proxy.getDocumentHighlights (/usr/share/code/resources/app/extensions/node_modules/typescript/lib/tsserver.js:146815:42)
    at IOSession.Session.getDocumentHighlights (/usr/share/code/resources/app/extensions/node_modules/typescript/lib/tsserver.js:157303:71)
    at Session.handlers.ts.Map.ts.getEntries._a.<computed> (/usr/share/code/resources/app/extensions/node_modules/typescript/lib/tsserver.js:156633:61)
    at /usr/share/code/resources/app/extensions/node_modules/typescript/lib/tsserver.js:158276:88
    at IOSession.Session.executeWithRequestId (/usr/share/code/resources/app/extensions/node_modules/typescript/lib/tsserver.js:158267:28)
    at IOSession.Session.executeCommand (/usr/share/code/resources/app/extensions/node_modules/typescript/lib/tsserver.js:158276:33)
    at IOSession.Session.onMessage (/usr/share/code/resources/app/extensions/node_modules/typescript/lib/tsserver.js:158300:35)
    at Interface.<anonymous> (/usr/share/code/resources/app/extensions/node_modules/typescript/lib/tsserver.js:160510:27)
    at Interface.emit (events.js:223:5)
    at Interface._onLine (readline.js:315:10)
    at Interface._normalWrite (readline.js:460:12)
    at Socket.ondata (readline.js:172:10)
    at Socket.emit (events.js:223:5)
    at addChunk (_stream_readable.js:309:12)
    at readableAddChunk (_stream_readable.js:290:11)
    at Socket.Readable.push (_stream_readable.js:224:10)
    at Pipe.onStreamRead (internal/stream_base_commons.js:181:23): Error: <semantic> TypeScript Server Error (4.1.2)
Debug Failure.
Error: Debug Failure.
    at getExportEqualsLocalSymbol (/usr/share/code/resources/app/extensions/node_modules/typescript/lib/tsserver.js:121292:33)
    at getImport (/usr/share/code/resources/app/extensions/node_modules/typescript/lib/tsserver.js:121263:38)
    at Object.getImportOrExportSymbol (/usr/share/code/resources/app/extensions/node_modules/typescript/lib/tsserver.js:121176:68)
    at getImportOrExportReferences (/usr/share/code/resources/app/extensions/node_modules/typescript/lib/tsserver.js:122701:56)
    at getReferencesAtLocation (/usr/share/code/resources/app/extensions/node_modules/typescript/lib/tsserver.js:122631:17)
    at getReferencesInContainer (/usr/share/code/resources/app/extensions/node_modules/typescript/lib/tsserver.js:122575:21)
    at getReferencesInContainerOrFiles (/usr/share/code/resources/app/extensions/node_modules/typescript/lib/tsserver.js:122129:21)
    at getReferencedSymbolsForSymbol (/usr/share/code/resources/app/extensions/node_modules/typescript/lib/tsserver.js:122120:21)
    at Object.getReferencedSymbolsForNode (/usr/share/code/resources/app/extensions/node_modules/typescript/lib/tsserver.js:121917:34)
    at Object.getReferenceEntriesForNode (/usr/share/code/resources/app/extensions/node_modules/typescript/lib/tsserver.js:121620:40)
    at getSemanticDocumentHighlights (/usr/share/code/resources/app/extensions/node_modules/typescript/lib/tsserver.js:120247:57)
    at Object.getDocumentHighlights (/usr/share/code/resources/app/extensions/node_modules/typescript/lib/tsserver.js:120235:20)
    at Proxy.getDocumentHighlights (/usr/share/code/resources/app/extensions/node_modules/typescript/lib/tsserver.js:146815:42)
    at IOSession.Session.getDocumentHighlights (/usr/share/code/resources/app/extensions/node_modules/typescript/lib/tsserver.js:157303:71)
    at Session.handlers.ts.Map.ts.getEntries._a.<computed> (/usr/share/code/resources/app/extensions/node_modules/typescript/lib/tsserver.js:156633:61)
    at /usr/share/code/resources/app/extensions/node_modules/typescript/lib/tsserver.js:158276:88
    at IOSession.Session.executeWithRequestId (/usr/share/code/resources/app/extensions/node_modules/typescript/lib/tsserver.js:158267:28)
    at IOSession.Session.executeCommand (/usr/share/code/resources/app/extensions/node_modules/typescript/lib/tsserver.js:158276:33)
    at IOSession.Session.onMessage (/usr/share/code/resources/app/extensions/node_modules/typescript/lib/tsserver.js:158300:35)
    at Interface.<anonymous> (/usr/share/code/resources/app/extensions/node_modules/typescript/lib/tsserver.js:160510:27)
    at Interface.emit (events.js:223:5)
    at Interface._onLine (readline.js:315:10)
    at Interface._normalWrite (readline.js:460:12)
    at Socket.ondata (readline.js:172:10)
    at Socket.emit (events.js:223:5)
    at addChunk (_stream_readable.js:309:12)
    at readableAddChunk (_stream_readable.js:290:11)
    at Socket.Readable.push (_stream_readable.js:224:10)
    at Pipe.onStreamRead (internal/stream_base_commons.js:181:23)
	at Function.create (/usr/share/code/resources/app/extensions/typescript-language-features/dist/extension.js:1:76778)
	at dispatchResponse (/usr/share/code/resources/app/extensions/typescript-language-features/dist/extension.js:1:70653)
	at dispatchMessage (/usr/share/code/resources/app/extensions/typescript-language-features/dist/extension.js:1:69512)
	at /usr/share/code/resources/app/extensions/typescript-language-features/dist/extension.js:1:69022
	at l.fire (/usr/share/code/resources/app/out/vs/workbench/services/extensions/node/extensionHostProcess.js:46:801)
	at g.onLengthData (/usr/share/code/resources/app/extensions/typescript-language-features/dist/extension.js:45:60018)
	at Socket.<anonymous> (/usr/share/code/resources/app/extensions/typescript-language-features/dist/extension.js:45:59666)
	at Socket.emit (events.js:223:5)
	at addChunk (_stream_readable.js:309:12)
	at readableAddChunk (_stream_readable.js:290:11)
	at Socket.Readable.push (_stream_readable.js:224:10)
	at Pipe.onStreamRead (internal/stream_base_commons.js:181:23)
[2021-02-02 11:40:04.622] [renderer1] [error] <semantic> TypeScript Server Error (4.1.2)
Debug Failure.
Error: Debug Failure.
    at getExportEqualsLocalSymbol (/usr/share/code/resources/app/extensions/node_modules/typescript/lib/tsserver.js:121292:33)
    at getImport (/usr/share/code/resources/app/extensions/node_modules/typescript/lib/tsserver.js:121263:38)
    at Object.getImportOrExportSymbol (/usr/share/code/resources/app/extensions/node_modules/typescript/lib/tsserver.js:121176:68)
    at getImportOrExportReferences (/usr/share/code/resources/app/extensions/node_modules/typescript/lib/tsserver.js:122701:56)
    at getReferencesAtLocation (/usr/share/code/resources/app/extensions/node_modules/typescript/lib/tsserver.js:122631:17)
    at getReferencesInContainer (/usr/share/code/resources/app/extensions/node_modules/typescript/lib/tsserver.js:122575:21)
    at getReferencesInContainerOrFiles (/usr/share/code/resources/app/extensions/node_modules/typescript/lib/tsserver.js:122129:21)
    at getReferencedSymbolsForSymbol (/usr/share/code/resources/app/extensions/node_modules/typescript/lib/tsserver.js:122120:21)
    at Object.getReferencedSymbolsForNode (/usr/share/code/resources/app/extensions/node_modules/typescript/lib/tsserver.js:121917:34)
    at Object.getReferenceEntriesForNode (/usr/share/code/resources/app/extensions/node_modules/typescript/lib/tsserver.js:121620:40)
    at getSemanticDocumentHighlights (/usr/share/code/resources/app/extensions/node_modules/typescript/lib/tsserver.js:120247:57)
    at Object.getDocumentHighlights (/usr/share/code/resources/app/extensions/node_modules/typescript/lib/tsserver.js:120235:20)
    at Proxy.getDocumentHighlights (/usr/share/code/resources/app/extensions/node_modules/typescript/lib/tsserver.js:146815:42)
    at IOSession.Session.getDocumentHighlights (/usr/share/code/resources/app/extensions/node_modules/typescript/lib/tsserver.js:157303:71)
    at Session.handlers.ts.Map.ts.getEntries._a.<computed> (/usr/share/code/resources/app/extensions/node_modules/typescript/lib/tsserver.js:156633:61)
    at /usr/share/code/resources/app/extensions/node_modules/typescript/lib/tsserver.js:158276:88
    at IOSession.Session.executeWithRequestId (/usr/share/code/resources/app/extensions/node_modules/typescript/lib/tsserver.js:158267:28)
    at IOSession.Session.executeCommand (/usr/share/code/resources/app/extensions/node_modules/typescript/lib/tsserver.js:158276:33)
    at IOSession.Session.onMessage (/usr/share/code/resources/app/extensions/node_modules/typescript/lib/tsserver.js:158300:35)
    at Interface.<anonymous> (/usr/share/code/resources/app/extensions/node_modules/typescript/lib/tsserver.js:160510:27)
    at Interface.emit (events.js:223:5)
    at Interface._onLine (readline.js:315:10)
    at Interface._normalWrite (readline.js:460:12)
    at Socket.ondata (readline.js:172:10)
    at Socket.emit (events.js:223:5)
    at addChunk (_stream_readable.js:309:12)
    at readableAddChunk (_stream_readable.js:290:11)
    at Socket.Readable.push (_stream_readable.js:224:10)
    at Pipe.onStreamRead (internal/stream_base_commons.js:181:23): Error: <semantic> TypeScript Server Error (4.1.2)
Debug Failure.
Error: Debug Failure.
    at getExportEqualsLocalSymbol (/usr/share/code/resources/app/extensions/node_modules/typescript/lib/tsserver.js:121292:33)
    at getImport (/usr/share/code/resources/app/extensions/node_modules/typescript/lib/tsserver.js:121263:38)
    at Object.getImportOrExportSymbol (/usr/share/code/resources/app/extensions/node_modules/typescript/lib/tsserver.js:121176:68)
    at getImportOrExportReferences (/usr/share/code/resources/app/extensions/node_modules/typescript/lib/tsserver.js:122701:56)
    at getReferencesAtLocation (/usr/share/code/resources/app/extensions/node_modules/typescript/lib/tsserver.js:122631:17)
    at getReferencesInContainer (/usr/share/code/resources/app/extensions/node_modules/typescript/lib/tsserver.js:122575:21)
    at getReferencesInContainerOrFiles (/usr/share/code/resources/app/extensions/node_modules/typescript/lib/tsserver.js:122129:21)
    at getReferencedSymbolsForSymbol (/usr/share/code/resources/app/extensions/node_modules/typescript/lib/tsserver.js:122120:21)
    at Object.getReferencedSymbolsForNode (/usr/share/code/resources/app/extensions/node_modules/typescript/lib/tsserver.js:121917:34)
    at Object.getReferenceEntriesForNode (/usr/share/code/resources/app/extensions/node_modules/typescript/lib/tsserver.js:121620:40)
    at getSemanticDocumentHighlights (/usr/share/code/resources/app/extensions/node_modules/typescript/lib/tsserver.js:120247:57)
    at Object.getDocumentHighlights (/usr/share/code/resources/app/extensions/node_modules/typescript/lib/tsserver.js:120235:20)
    at Proxy.getDocumentHighlights (/usr/share/code/resources/app/extensions/node_modules/typescript/lib/tsserver.js:146815:42)
    at IOSession.Session.getDocumentHighlights (/usr/share/code/resources/app/extensions/node_modules/typescript/lib/tsserver.js:157303:71)
    at Session.handlers.ts.Map.ts.getEntries._a.<computed> (/usr/share/code/resources/app/extensions/node_modules/typescript/lib/tsserver.js:156633:61)
    at /usr/share/code/resources/app/extensions/node_modules/typescript/lib/tsserver.js:158276:88
    at IOSession.Session.executeWithRequestId (/usr/share/code/resources/app/extensions/node_modules/typescript/lib/tsserver.js:158267:28)
    at IOSession.Session.executeCommand (/usr/share/code/resources/app/extensions/node_modules/typescript/lib/tsserver.js:158276:33)
    at IOSession.Session.onMessage (/usr/share/code/resources/app/extensions/node_modules/typescript/lib/tsserver.js:158300:35)
    at Interface.<anonymous> (/usr/share/code/resources/app/extensions/node_modules/typescript/lib/tsserver.js:160510:27)
    at Interface.emit (events.js:223:5)
    at Interface._onLine (readline.js:315:10)
    at Interface._normalWrite (readline.js:460:12)
    at Socket.ondata (readline.js:172:10)
    at Socket.emit (events.js:223:5)
    at addChunk (_stream_readable.js:309:12)
    at readableAddChunk (_stream_readable.js:290:11)
    at Socket.Readable.push (_stream_readable.js:224:10)
    at Pipe.onStreamRead (internal/stream_base_commons.js:181:23)
	at Function.create (/usr/share/code/resources/app/extensions/typescript-language-features/dist/extension.js:1:76778)
	at dispatchResponse (/usr/share/code/resources/app/extensions/typescript-language-features/dist/extension.js:1:70653)
	at dispatchMessage (/usr/share/code/resources/app/extensions/typescript-language-features/dist/extension.js:1:69512)
	at /usr/share/code/resources/app/extensions/typescript-language-features/dist/extension.js:1:69022
	at l.fire (/usr/share/code/resources/app/out/vs/workbench/services/extensions/node/extensionHostProcess.js:46:801)
	at g.onLengthData (/usr/share/code/resources/app/extensions/typescript-language-features/dist/extension.js:45:60018)
	at Socket.<anonymous> (/usr/share/code/resources/app/extensions/typescript-language-features/dist/extension.js:45:59666)
	at Socket.emit (events.js:223:5)
	at addChunk (_stream_readable.js:309:12)
	at readableAddChunk (_stream_readable.js:290:11)
	at Socket.Readable.push (_stream_readable.js:224:10)
	at Pipe.onStreamRead (internal/stream_base_commons.js:181:23)
[2021-02-02 11:43:16.435] [renderer1] [error] <semantic> TypeScript Server Error (4.1.2)
Debug Failure. False expression.
Error: Debug Failure. False expression.
    at /usr/share/code/resources/app/extensions/node_modules/typescript/lib/tsserver.js:128621:34
    at Object.forEach (/usr/share/code/resources/app/extensions/node_modules/typescript/lib/tsserver.js:188:30)
    at getSymbolKindOfConstructorPropertyMethodAccessorFunctionOrVar (/usr/share/code/resources/app/extensions/node_modules/typescript/lib/tsserver.js:128615:48)
    at Object.getSymbolKind (/usr/share/code/resources/app/extensions/node_modules/typescript/lib/tsserver.js:128545:26)
    at createCompletionEntry (/usr/share/code/resources/app/extensions/node_modules/typescript/lib/tsserver.js:118152:40)
    at getCompletionEntriesFromSymbols (/usr/share/code/resources/app/extensions/node_modules/typescript/lib/tsserver.js:118199:29)
    at completionInfoFromData (/usr/share/code/resources/app/extensions/node_modules/typescript/lib/tsserver.js:118023:35)
    at Object.getCompletionsAtPosition (/usr/share/code/resources/app/extensions/node_modules/typescript/lib/tsserver.js:117981:28)
    at Proxy.getCompletionsAtPosition (/usr/share/code/resources/app/extensions/node_modules/typescript/lib/tsserver.js:146718:35)
    at IOSession.Session.getCompletions (/usr/share/code/resources/app/extensions/node_modules/typescript/lib/tsserver.js:157642:64)
    at Session.handlers.ts.Map.ts.getEntries._a.<computed> (/usr/share/code/resources/app/extensions/node_modules/typescript/lib/tsserver.js:156526:61)
    at /usr/share/code/resources/app/extensions/node_modules/typescript/lib/tsserver.js:158276:88
    at IOSession.Session.executeWithRequestId (/usr/share/code/resources/app/extensions/node_modules/typescript/lib/tsserver.js:158267:28)
    at IOSession.Session.executeCommand (/usr/share/code/resources/app/extensions/node_modules/typescript/lib/tsserver.js:158276:33)
    at IOSession.Session.onMessage (/usr/share/code/resources/app/extensions/node_modules/typescript/lib/tsserver.js:158300:35)
    at Interface.<anonymous> (/usr/share/code/resources/app/extensions/node_modules/typescript/lib/tsserver.js:160510:27)
    at Interface.emit (events.js:223:5)
    at Interface._onLine (readline.js:315:10)
    at Interface._normalWrite (readline.js:460:12)
    at Socket.ondata (readline.js:172:10)
    at Socket.emit (events.js:223:5)
    at addChunk (_stream_readable.js:309:12)
    at readableAddChunk (_stream_readable.js:290:11)
    at Socket.Readable.push (_stream_readable.js:224:10)
    at Pipe.onStreamRead (internal/stream_base_commons.js:181:23): Error: <semantic> TypeScript Server Error (4.1.2)
Debug Failure. False expression.
Error: Debug Failure. False expression.
    at /usr/share/code/resources/app/extensions/node_modules/typescript/lib/tsserver.js:128621:34
    at Object.forEach (/usr/share/code/resources/app/extensions/node_modules/typescript/lib/tsserver.js:188:30)
    at getSymbolKindOfConstructorPropertyMethodAccessorFunctionOrVar (/usr/share/code/resources/app/extensions/node_modules/typescript/lib/tsserver.js:128615:48)
    at Object.getSymbolKind (/usr/share/code/resources/app/extensions/node_modules/typescript/lib/tsserver.js:128545:26)
    at createCompletionEntry (/usr/share/code/resources/app/extensions/node_modules/typescript/lib/tsserver.js:118152:40)
    at getCompletionEntriesFromSymbols (/usr/share/code/resources/app/extensions/node_modules/typescript/lib/tsserver.js:118199:29)
    at completionInfoFromData (/usr/share/code/resources/app/extensions/node_modules/typescript/lib/tsserver.js:118023:35)
    at Object.getCompletionsAtPosition (/usr/share/code/resources/app/extensions/node_modules/typescript/lib/tsserver.js:117981:28)
    at Proxy.getCompletionsAtPosition (/usr/share/code/resources/app/extensions/node_modules/typescript/lib/tsserver.js:146718:35)
    at IOSession.Session.getCompletions (/usr/share/code/resources/app/extensions/node_modules/typescript/lib/tsserver.js:157642:64)
    at Session.handlers.ts.Map.ts.getEntries._a.<computed> (/usr/share/code/resources/app/extensions/node_modules/typescript/lib/tsserver.js:156526:61)
    at /usr/share/code/resources/app/extensions/node_modules/typescript/lib/tsserver.js:158276:88
    at IOSession.Session.executeWithRequestId (/usr/share/code/resources/app/extensions/node_modules/typescript/lib/tsserver.js:158267:28)
    at IOSession.Session.executeCommand (/usr/share/code/resources/app/extensions/node_modules/typescript/lib/tsserver.js:158276:33)
    at IOSession.Session.onMessage (/usr/share/code/resources/app/extensions/node_modules/typescript/lib/tsserver.js:158300:35)
    at Interface.<anonymous> (/usr/share/code/resources/app/extensions/node_modules/typescript/lib/tsserver.js:160510:27)
    at Interface.emit (events.js:223:5)
    at Interface._onLine (readline.js:315:10)
    at Interface._normalWrite (readline.js:460:12)
    at Socket.ondata (readline.js:172:10)
    at Socket.emit (events.js:223:5)
    at addChunk (_stream_readable.js:309:12)
    at readableAddChunk (_stream_readable.js:290:11)
    at Socket.Readable.push (_stream_readable.js:224:10)
    at Pipe.onStreamRead (internal/stream_base_commons.js:181:23)
	at Function.create (/usr/share/code/resources/app/extensions/typescript-language-features/dist/extension.js:1:76778)
	at dispatchResponse (/usr/share/code/resources/app/extensions/typescript-language-features/dist/extension.js:1:70653)
	at dispatchMessage (/usr/share/code/resources/app/extensions/typescript-language-features/dist/extension.js:1:69512)
	at /usr/share/code/resources/app/extensions/typescript-language-features/dist/extension.js:1:69022
	at l.fire (/usr/share/code/resources/app/out/vs/workbench/services/extensions/node/extensionHostProcess.js:46:801)
	at g.onLengthData (/usr/share/code/resources/app/extensions/typescript-language-features/dist/extension.js:45:60018)
	at Socket.<anonymous> (/usr/share/code/resources/app/extensions/typescript-language-features/dist/extension.js:45:59666)
	at Socket.emit (events.js:223:5)
	at addChunk (_stream_readable.js:309:12)
	at readableAddChunk (_stream_readable.js:290:11)
	at Socket.Readable.push (_stream_readable.js:224:10)
	at Pipe.onStreamRead (internal/stream_base_commons.js:181:23)
[2021-02-02 11:58:02.782] [renderer1] [error] <semantic> TypeScript Server Error (4.1.2)
Debug Failure. False expression.
Error: Debug Failure. False expression.
    at /usr/share/code/resources/app/extensions/node_modules/typescript/lib/tsserver.js:128621:34
    at Object.forEach (/usr/share/code/resources/app/extensions/node_modules/typescript/lib/tsserver.js:188:30)
    at getSymbolKindOfConstructorPropertyMethodAccessorFunctionOrVar (/usr/share/code/resources/app/extensions/node_modules/typescript/lib/tsserver.js:128615:48)
    at Object.getSymbolKind (/usr/share/code/resources/app/extensions/node_modules/typescript/lib/tsserver.js:128545:26)
    at createCompletionEntry (/usr/share/code/resources/app/extensions/node_modules/typescript/lib/tsserver.js:118152:40)
    at getCompletionEntriesFromSymbols (/usr/share/code/resources/app/extensions/node_modules/typescript/lib/tsserver.js:118199:29)
    at completionInfoFromData (/usr/share/code/resources/app/extensions/node_modules/typescript/lib/tsserver.js:118023:35)
    at Object.getCompletionsAtPosition (/usr/share/code/resources/app/extensions/node_modules/typescript/lib/tsserver.js:117981:28)
    at Proxy.getCompletionsAtPosition (/usr/share/code/resources/app/extensions/node_modules/typescript/lib/tsserver.js:146718:35)
    at IOSession.Session.getCompletions (/usr/share/code/resources/app/extensions/node_modules/typescript/lib/tsserver.js:157642:64)
    at Session.handlers.ts.Map.ts.getEntries._a.<computed> (/usr/share/code/resources/app/extensions/node_modules/typescript/lib/tsserver.js:156526:61)
    at /usr/share/code/resources/app/extensions/node_modules/typescript/lib/tsserver.js:158276:88
    at IOSession.Session.executeWithRequestId (/usr/share/code/resources/app/extensions/node_modules/typescript/lib/tsserver.js:158267:28)
    at IOSession.Session.executeCommand (/usr/share/code/resources/app/extensions/node_modules/typescript/lib/tsserver.js:158276:33)
    at IOSession.Session.onMessage (/usr/share/code/resources/app/extensions/node_modules/typescript/lib/tsserver.js:158300:35)
    at Interface.<anonymous> (/usr/share/code/resources/app/extensions/node_modules/typescript/lib/tsserver.js:160510:27)
    at Interface.emit (events.js:223:5)
    at Interface._onLine (readline.js:315:10)
    at Interface._normalWrite (readline.js:460:12)
    at Socket.ondata (readline.js:172:10)
    at Socket.emit (events.js:223:5)
    at addChunk (_stream_readable.js:309:12)
    at readableAddChunk (_stream_readable.js:290:11)
    at Socket.Readable.push (_stream_readable.js:224:10)
    at Pipe.onStreamRead (internal/stream_base_commons.js:181:23): Error: <semantic> TypeScript Server Error (4.1.2)
Debug Failure. False expression.
Error: Debug Failure. False expression.
    at /usr/share/code/resources/app/extensions/node_modules/typescript/lib/tsserver.js:128621:34
    at Object.forEach (/usr/share/code/resources/app/extensions/node_modules/typescript/lib/tsserver.js:188:30)
    at getSymbolKindOfConstructorPropertyMethodAccessorFunctionOrVar (/usr/share/code/resources/app/extensions/node_modules/typescript/lib/tsserver.js:128615:48)
    at Object.getSymbolKind (/usr/share/code/resources/app/extensions/node_modules/typescript/lib/tsserver.js:128545:26)
    at createCompletionEntry (/usr/share/code/resources/app/extensions/node_modules/typescript/lib/tsserver.js:118152:40)
    at getCompletionEntriesFromSymbols (/usr/share/code/resources/app/extensions/node_modules/typescript/lib/tsserver.js:118199:29)
    at completionInfoFromData (/usr/share/code/resources/app/extensions/node_modules/typescript/lib/tsserver.js:118023:35)
    at Object.getCompletionsAtPosition (/usr/share/code/resources/app/extensions/node_modules/typescript/lib/tsserver.js:117981:28)
    at Proxy.getCompletionsAtPosition (/usr/share/code/resources/app/extensions/node_modules/typescript/lib/tsserver.js:146718:35)
    at IOSession.Session.getCompletions (/usr/share/code/resources/app/extensions/node_modules/typescript/lib/tsserver.js:157642:64)
    at Session.handlers.ts.Map.ts.getEntries._a.<computed> (/usr/share/code/resources/app/extensions/node_modules/typescript/lib/tsserver.js:156526:61)
    at /usr/share/code/resources/app/extensions/node_modules/typescript/lib/tsserver.js:158276:88
    at IOSession.Session.executeWithRequestId (/usr/share/code/resources/app/extensions/node_modules/typescript/lib/tsserver.js:158267:28)
    at IOSession.Session.executeCommand (/usr/share/code/resources/app/extensions/node_modules/typescript/lib/tsserver.js:158276:33)
    at IOSession.Session.onMessage (/usr/share/code/resources/app/extensions/node_modules/typescript/lib/tsserver.js:158300:35)
    at Interface.<anonymous> (/usr/share/code/resources/app/extensions/node_modules/typescript/lib/tsserver.js:160510:27)
    at Interface.emit (events.js:223:5)
    at Interface._onLine (readline.js:315:10)
    at Interface._normalWrite (readline.js:460:12)
    at Socket.ondata (readline.js:172:10)
    at Socket.emit (events.js:223:5)
    at addChunk (_stream_readable.js:309:12)
    at readableAddChunk (_stream_readable.js:290:11)
    at Socket.Readable.push (_stream_readable.js:224:10)
    at Pipe.onStreamRead (internal/stream_base_commons.js:181:23)
	at Function.create (/usr/share/code/resources/app/extensions/typescript-language-features/dist/extension.js:1:76778)
	at dispatchResponse (/usr/share/code/resources/app/extensions/typescript-language-features/dist/extension.js:1:70653)
	at dispatchMessage (/usr/share/code/resources/app/extensions/typescript-language-features/dist/extension.js:1:69512)
	at /usr/share/code/resources/app/extensions/typescript-language-features/dist/extension.js:1:69022
	at l.fire (/usr/share/code/resources/app/out/vs/workbench/services/extensions/node/extensionHostProcess.js:46:801)
	at g.onLengthData (/usr/share/code/resources/app/extensions/typescript-language-features/dist/extension.js:45:60018)
	at Socket.<anonymous> (/usr/share/code/resources/app/extensions/typescript-language-features/dist/extension.js:45:59666)
	at Socket.emit (events.js:223:5)
	at addChunk (_stream_readable.js:309:12)
	at readableAddChunk (_stream_readable.js:290:11)
	at Socket.Readable.push (_stream_readable.js:224:10)
	at Pipe.onStreamRead (internal/stream_base_commons.js:181:23)
[2021-02-02 13:13:22.593] [renderer1] [error] <semantic> TypeScript Server Error (4.1.2)
Debug Failure. False expression.
Error: Debug Failure. False expression.
    at /usr/share/code/resources/app/extensions/node_modules/typescript/lib/tsserver.js:128621:34
    at Object.forEach (/usr/share/code/resources/app/extensions/node_modules/typescript/lib/tsserver.js:188:30)
    at getSymbolKindOfConstructorPropertyMethodAccessorFunctionOrVar (/usr/share/code/resources/app/extensions/node_modules/typescript/lib/tsserver.js:128615:48)
    at Object.getSymbolKind (/usr/share/code/resources/app/extensions/node_modules/typescript/lib/tsserver.js:128545:26)
    at createCompletionEntry (/usr/share/code/resources/app/extensions/node_modules/typescript/lib/tsserver.js:118152:40)
    at getCompletionEntriesFromSymbols (/usr/share/code/resources/app/extensions/node_modules/typescript/lib/tsserver.js:118199:29)
    at completionInfoFromData (/usr/share/code/resources/app/extensions/node_modules/typescript/lib/tsserver.js:118023:35)
    at Object.getCompletionsAtPosition (/usr/share/code/resources/app/extensions/node_modules/typescript/lib/tsserver.js:117981:28)
    at Proxy.getCompletionsAtPosition (/usr/share/code/resources/app/extensions/node_modules/typescript/lib/tsserver.js:146718:35)
    at IOSession.Session.getCompletions (/usr/share/code/resources/app/extensions/node_modules/typescript/lib/tsserver.js:157642:64)
    at Session.handlers.ts.Map.ts.getEntries._a.<computed> (/usr/share/code/resources/app/extensions/node_modules/typescript/lib/tsserver.js:156526:61)
    at /usr/share/code/resources/app/extensions/node_modules/typescript/lib/tsserver.js:158276:88
    at IOSession.Session.executeWithRequestId (/usr/share/code/resources/app/extensions/node_modules/typescript/lib/tsserver.js:158267:28)
    at IOSession.Session.executeCommand (/usr/share/code/resources/app/extensions/node_modules/typescript/lib/tsserver.js:158276:33)
    at IOSession.Session.onMessage (/usr/share/code/resources/app/extensions/node_modules/typescript/lib/tsserver.js:158300:35)
    at Interface.<anonymous> (/usr/share/code/resources/app/extensions/node_modules/typescript/lib/tsserver.js:160510:27)
    at Interface.emit (events.js:223:5)
    at Interface._onLine (readline.js:315:10)
    at Interface._normalWrite (readline.js:460:12)
    at Socket.ondata (readline.js:172:10)
    at Socket.emit (events.js:223:5)
    at addChunk (_stream_readable.js:309:12)
    at readableAddChunk (_stream_readable.js:290:11)
    at Socket.Readable.push (_stream_readable.js:224:10)
    at Pipe.onStreamRead (internal/stream_base_commons.js:181:23): Error: <semantic> TypeScript Server Error (4.1.2)
Debug Failure. False expression.
Error: Debug Failure. False expression.
    at /usr/share/code/resources/app/extensions/node_modules/typescript/lib/tsserver.js:128621:34
    at Object.forEach (/usr/share/code/resources/app/extensions/node_modules/typescript/lib/tsserver.js:188:30)
    at getSymbolKindOfConstructorPropertyMethodAccessorFunctionOrVar (/usr/share/code/resources/app/extensions/node_modules/typescript/lib/tsserver.js:128615:48)
    at Object.getSymbolKind (/usr/share/code/resources/app/extensions/node_modules/typescript/lib/tsserver.js:128545:26)
    at createCompletionEntry (/usr/share/code/resources/app/extensions/node_modules/typescript/lib/tsserver.js:118152:40)
    at getCompletionEntriesFromSymbols (/usr/share/code/resources/app/extensions/node_modules/typescript/lib/tsserver.js:118199:29)
    at completionInfoFromData (/usr/share/code/resources/app/extensions/node_modules/typescript/lib/tsserver.js:118023:35)
    at Object.getCompletionsAtPosition (/usr/share/code/resources/app/extensions/node_modules/typescript/lib/tsserver.js:117981:28)
    at Proxy.getCompletionsAtPosition (/usr/share/code/resources/app/extensions/node_modules/typescript/lib/tsserver.js:146718:35)
    at IOSession.Session.getCompletions (/usr/share/code/resources/app/extensions/node_modules/typescript/lib/tsserver.js:157642:64)
    at Session.handlers.ts.Map.ts.getEntries._a.<computed> (/usr/share/code/resources/app/extensions/node_modules/typescript/lib/tsserver.js:156526:61)
    at /usr/share/code/resources/app/extensions/node_modules/typescript/lib/tsserver.js:158276:88
    at IOSession.Session.executeWithRequestId (/usr/share/code/resources/app/extensions/node_modules/typescript/lib/tsserver.js:158267:28)
    at IOSession.Session.executeCommand (/usr/share/code/resources/app/extensions/node_modules/typescript/lib/tsserver.js:158276:33)
    at IOSession.Session.onMessage (/usr/share/code/resources/app/extensions/node_modules/typescript/lib/tsserver.js:158300:35)
    at Interface.<anonymous> (/usr/share/code/resources/app/extensions/node_modules/typescript/lib/tsserver.js:160510:27)
    at Interface.emit (events.js:223:5)
    at Interface._onLine (readline.js:315:10)
    at Interface._normalWrite (readline.js:460:12)
    at Socket.ondata (readline.js:172:10)
    at Socket.emit (events.js:223:5)
    at addChunk (_stream_readable.js:309:12)
    at readableAddChunk (_stream_readable.js:290:11)
    at Socket.Readable.push (_stream_readable.js:224:10)
    at Pipe.onStreamRead (internal/stream_base_commons.js:181:23)
	at Function.create (/usr/share/code/resources/app/extensions/typescript-language-features/dist/extension.js:1:76778)
	at dispatchResponse (/usr/share/code/resources/app/extensions/typescript-language-features/dist/extension.js:1:70653)
	at dispatchMessage (/usr/share/code/resources/app/extensions/typescript-language-features/dist/extension.js:1:69512)
	at /usr/share/code/resources/app/extensions/typescript-language-features/dist/extension.js:1:69022
	at l.fire (/usr/share/code/resources/app/out/vs/workbench/services/extensions/node/extensionHostProcess.js:46:801)
	at g.onLengthData (/usr/share/code/resources/app/extensions/typescript-language-features/dist/extension.js:45:60018)
	at Socket.<anonymous> (/usr/share/code/resources/app/extensions/typescript-language-features/dist/extension.js:45:59666)
	at Socket.emit (events.js:223:5)
	at addChunk (_stream_readable.js:309:12)
	at readableAddChunk (_stream_readable.js:290:11)
	at Socket.Readable.push (_stream_readable.js:224:10)
	at Pipe.onStreamRead (internal/stream_base_commons.js:181:23)
[2021-02-02 13:17:43.275] [renderer1] [error] <semantic> TypeScript Server Error (4.1.2)
Debug Failure. Did not expect JsxSelfClosingElement to have an Identifier in its trivia
Error: Debug Failure. Did not expect JsxSelfClosingElement to have an Identifier in its trivia
    at addSyntheticNodes (/usr/share/code/resources/app/extensions/node_modules/typescript/lib/tsserver.js:145615:30)
    at createChildren (/usr/share/code/resources/app/extensions/node_modules/typescript/lib/tsserver.js:145604:9)
    at NodeObject.getChildren (/usr/share/code/resources/app/extensions/node_modules/typescript/lib/tsserver.js:145548:56)
    at find (/usr/share/code/resources/app/extensions/node_modules/typescript/lib/tsserver.js:114281:30)
    at find (/usr/share/code/resources/app/extensions/node_modules/typescript/lib/tsserver.js:114315:32)
    at find (/usr/share/code/resources/app/extensions/node_modules/typescript/lib/tsserver.js:114315:32)
    at find (/usr/share/code/resources/app/extensions/node_modules/typescript/lib/tsserver.js:114315:32)
    at find (/usr/share/code/resources/app/extensions/node_modules/typescript/lib/tsserver.js:114315:32)
    at find (/usr/share/code/resources/app/extensions/node_modules/typescript/lib/tsserver.js:114315:32)
    at find (/usr/share/code/resources/app/extensions/node_modules/typescript/lib/tsserver.js:114315:32)
    at find (/usr/share/code/resources/app/extensions/node_modules/typescript/lib/tsserver.js:114315:32)
    at find (/usr/share/code/resources/app/extensions/node_modules/typescript/lib/tsserver.js:114315:32)
    at find (/usr/share/code/resources/app/extensions/node_modules/typescript/lib/tsserver.js:114315:32)
    at find (/usr/share/code/resources/app/extensions/node_modules/typescript/lib/tsserver.js:114315:32)
    at find (/usr/share/code/resources/app/extensions/node_modules/typescript/lib/tsserver.js:114315:32)
    at find (/usr/share/code/resources/app/extensions/node_modules/typescript/lib/tsserver.js:114315:32)
    at find (/usr/share/code/resources/app/extensions/node_modules/typescript/lib/tsserver.js:114315:32)
    at find (/usr/share/code/resources/app/extensions/node_modules/typescript/lib/tsserver.js:114315:32)
    at find (/usr/share/code/resources/app/extensions/node_modules/typescript/lib/tsserver.js:114315:32)
    at find (/usr/share/code/resources/app/extensions/node_modules/typescript/lib/tsserver.js:114315:32)
    at find (/usr/share/code/resources/app/extensions/node_modules/typescript/lib/tsserver.js:114315:32)
    at Object.findPrecedingToken (/usr/share/code/resources/app/extensions/node_modules/typescript/lib/tsserver.js:114274:22)
    at Object.getCompletionsAtPosition (/usr/share/code/resources/app/extensions/node_modules/typescript/lib/tsserver.js:117963:35)
    at Proxy.getCompletionsAtPosition (/usr/share/code/resources/app/extensions/node_modules/typescript/lib/tsserver.js:146718:35)
    at IOSession.Session.getCompletions (/usr/share/code/resources/app/extensions/node_modules/typescript/lib/tsserver.js:157642:64)
    at Session.handlers.ts.Map.ts.getEntries._a.<computed> (/usr/share/code/resources/app/extensions/node_modules/typescript/lib/tsserver.js:156526:61)
    at /usr/share/code/resources/app/extensions/node_modules/typescript/lib/tsserver.js:158276:88
    at IOSession.Session.executeWithRequestId (/usr/share/code/resources/app/extensions/node_modules/typescript/lib/tsserver.js:158267:28)
    at IOSession.Session.executeCommand (/usr/share/code/resources/app/extensions/node_modules/typescript/lib/tsserver.js:158276:33)
    at IOSession.Session.onMessage (/usr/share/code/resources/app/extensions/node_modules/typescript/lib/tsserver.js:158300:35)
    at Interface.<anonymous> (/usr/share/code/resources/app/extensions/node_modules/typescript/lib/tsserver.js:160510:27)
    at Interface.emit (events.js:223:5)
    at Interface._onLine (readline.js:315:10)
    at Interface._normalWrite (readline.js:460:12)
    at Socket.ondata (readline.js:172:10)
    at Socket.emit (events.js:223:5)
    at addChunk (_stream_readable.js:309:12)
    at readableAddChunk (_stream_readable.js:290:11)
    at Socket.Readable.push (_stream_readable.js:224:10)
    at Pipe.onStreamRead (internal/stream_base_commons.js:181:23): Error: <semantic> TypeScript Server Error (4.1.2)
Debug Failure. Did not expect JsxSelfClosingElement to have an Identifier in its trivia
Error: Debug Failure. Did not expect JsxSelfClosingElement to have an Identifier in its trivia
    at addSyntheticNodes (/usr/share/code/resources/app/extensions/node_modules/typescript/lib/tsserver.js:145615:30)
    at createChildren (/usr/share/code/resources/app/extensions/node_modules/typescript/lib/tsserver.js:145604:9)
    at NodeObject.getChildren (/usr/share/code/resources/app/extensions/node_modules/typescript/lib/tsserver.js:145548:56)
    at find (/usr/share/code/resources/app/extensions/node_modules/typescript/lib/tsserver.js:114281:30)
    at find (/usr/share/code/resources/app/extensions/node_modules/typescript/lib/tsserver.js:114315:32)
    at find (/usr/share/code/resources/app/extensions/node_modules/typescript/lib/tsserver.js:114315:32)
    at find (/usr/share/code/resources/app/extensions/node_modules/typescript/lib/tsserver.js:114315:32)
    at find (/usr/share/code/resources/app/extensions/node_modules/typescript/lib/tsserver.js:114315:32)
    at find (/usr/share/code/resources/app/extensions/node_modules/typescript/lib/tsserver.js:114315:32)
    at find (/usr/share/code/resources/app/extensions/node_modules/typescript/lib/tsserver.js:114315:32)
    at find (/usr/share/code/resources/app/extensions/node_modules/typescript/lib/tsserver.js:114315:32)
    at find (/usr/share/code/resources/app/extensions/node_modules/typescript/lib/tsserver.js:114315:32)
    at find (/usr/share/code/resources/app/extensions/node_modules/typescript/lib/tsserver.js:114315:32)
    at find (/usr/share/code/resources/app/extensions/node_modules/typescript/lib/tsserver.js:114315:32)
    at find (/usr/share/code/resources/app/extensions/node_modules/typescript/lib/tsserver.js:114315:32)
    at find (/usr/share/code/resources/app/extensions/node_modules/typescript/lib/tsserver.js:114315:32)
    at find (/usr/share/code/resources/app/extensions/node_modules/typescript/lib/tsserver.js:114315:32)
    at find (/usr/share/code/resources/app/extensions/node_modules/typescript/lib/tsserver.js:114315:32)
    at find (/usr/share/code/resources/app/extensions/node_modules/typescript/lib/tsserver.js:114315:32)
    at find (/usr/share/code/resources/app/extensions/node_modules/typescript/lib/tsserver.js:114315:32)
    at find (/usr/share/code/resources/app/extensions/node_modules/typescript/lib/tsserver.js:114315:32)
    at Object.findPrecedingToken (/usr/share/code/resources/app/extensions/node_modules/typescript/lib/tsserver.js:114274:22)
    at Object.getCompletionsAtPosition (/usr/share/code/resources/app/extensions/node_modules/typescript/lib/tsserver.js:117963:35)
    at Proxy.getCompletionsAtPosition (/usr/share/code/resources/app/extensions/node_modules/typescript/lib/tsserver.js:146718:35)
    at IOSession.Session.getCompletions (/usr/share/code/resources/app/extensions/node_modules/typescript/lib/tsserver.js:157642:64)
    at Session.handlers.ts.Map.ts.getEntries._a.<computed> (/usr/share/code/resources/app/extensions/node_modules/typescript/lib/tsserver.js:156526:61)
    at /usr/share/code/resources/app/extensions/node_modules/typescript/lib/tsserver.js:158276:88
    at IOSession.Session.executeWithRequestId (/usr/share/code/resources/app/extensions/node_modules/typescript/lib/tsserver.js:158267:28)
    at IOSession.Session.executeCommand (/usr/share/code/resources/app/extensions/node_modules/typescript/lib/tsserver.js:158276:33)
    at IOSession.Session.onMessage (/usr/share/code/resources/app/extensions/node_modules/typescript/lib/tsserver.js:158300:35)
    at Interface.<anonymous> (/usr/share/code/resources/app/extensions/node_modules/typescript/lib/tsserver.js:160510:27)
    at Interface.emit (events.js:223:5)
    at Interface._onLine (readline.js:315:10)
    at Interface._normalWrite (readline.js:460:12)
    at Socket.ondata (readline.js:172:10)
    at Socket.emit (events.js:223:5)
    at addChunk (_stream_readable.js:309:12)
    at readableAddChunk (_stream_readable.js:290:11)
    at Socket.Readable.push (_stream_readable.js:224:10)
    at Pipe.onStreamRead (internal/stream_base_commons.js:181:23)
	at Function.create (/usr/share/code/resources/app/extensions/typescript-language-features/dist/extension.js:1:76778)
	at dispatchResponse (/usr/share/code/resources/app/extensions/typescript-language-features/dist/extension.js:1:70653)
	at dispatchMessage (/usr/share/code/resources/app/extensions/typescript-language-features/dist/extension.js:1:69512)
	at /usr/share/code/resources/app/extensions/typescript-language-features/dist/extension.js:1:69022
	at l.fire (/usr/share/code/resources/app/out/vs/workbench/services/extensions/node/extensionHostProcess.js:46:801)
	at g.onLengthData (/usr/share/code/resources/app/extensions/typescript-language-features/dist/extension.js:45:60018)
	at Socket.<anonymous> (/usr/share/code/resources/app/extensions/typescript-language-features/dist/extension.js:45:59666)
	at Socket.emit (events.js:223:5)
	at addChunk (_stream_readable.js:309:12)
	at readableAddChunk (_stream_readable.js:290:11)
	at Socket.Readable.push (_stream_readable.js:224:10)
	at Pipe.onStreamRead (internal/stream_base_commons.js:181:23)
[2021-02-02 13:17:43.468] [renderer1] [error] <semantic> TypeScript Server Error (4.1.2)
Debug Failure. Did not expect JsxSelfClosingElement to have an Identifier in its trivia
Error: Debug Failure. Did not expect JsxSelfClosingElement to have an Identifier in its trivia
    at addSyntheticNodes (/usr/share/code/resources/app/extensions/node_modules/typescript/lib/tsserver.js:145615:30)
    at createChildren (/usr/share/code/resources/app/extensions/node_modules/typescript/lib/tsserver.js:145604:9)
    at NodeObject.getChildren (/usr/share/code/resources/app/extensions/node_modules/typescript/lib/tsserver.js:145548:56)
    at getTokenAtPositionWorker (/usr/share/code/resources/app/extensions/node_modules/typescript/lib/tsserver.js:114211:43)
    at Object.getTokenAtPosition (/usr/share/code/resources/app/extensions/node_modules/typescript/lib/tsserver.js:114203:16)
    at getInfo (/usr/share/code/resources/app/extensions/node_modules/typescript/lib/tsserver.js:141166:28)
    at Object.getAvailableActions (/usr/share/code/resources/app/extensions/node_modules/typescript/lib/tsserver.js:141140:28)
    at /usr/share/code/resources/app/extensions/node_modules/typescript/lib/tsserver.js:133580:128
    at getIterator (/usr/share/code/resources/app/extensions/node_modules/typescript/lib/tsserver.js:567:23)
    at Object.flatMapIterator (/usr/share/code/resources/app/extensions/node_modules/typescript/lib/tsserver.js:550:27)
    at Object.getApplicableRefactors (/usr/share/code/resources/app/extensions/node_modules/typescript/lib/tsserver.js:133579:36)
    at Proxy.getApplicableRefactors (/usr/share/code/resources/app/extensions/node_modules/typescript/lib/tsserver.js:147478:32)
    at IOSession.Session.getApplicableRefactors (/usr/share/code/resources/app/extensions/node_modules/typescript/lib/tsserver.js:157926:53)
    at Session.handlers.ts.Map.ts.getEntries._a.<computed> (/usr/share/code/resources/app/extensions/node_modules/typescript/lib/tsserver.js:156671:61)
    at /usr/share/code/resources/app/extensions/node_modules/typescript/lib/tsserver.js:158276:88
    at IOSession.Session.executeWithRequestId (/usr/share/code/resources/app/extensions/node_modules/typescript/lib/tsserver.js:158267:28)
    at IOSession.Session.executeCommand (/usr/share/code/resources/app/extensions/node_modules/typescript/lib/tsserver.js:158276:33)
    at IOSession.Session.onMessage (/usr/share/code/resources/app/extensions/node_modules/typescript/lib/tsserver.js:158300:35)
    at Interface.<anonymous> (/usr/share/code/resources/app/extensions/node_modules/typescript/lib/tsserver.js:160510:27)
    at Interface.emit (events.js:223:5)
    at Interface._onLine (readline.js:315:10)
    at Interface._normalWrite (readline.js:460:12)
    at Socket.ondata (readline.js:172:10)
    at Socket.emit (events.js:223:5)
    at addChunk (_stream_readable.js:309:12)
    at readableAddChunk (_stream_readable.js:290:11)
    at Socket.Readable.push (_stream_readable.js:224:10)
    at Pipe.onStreamRead (internal/stream_base_commons.js:181:23): Error: <semantic> TypeScript Server Error (4.1.2)
Debug Failure. Did not expect JsxSelfClosingElement to have an Identifier in its trivia
Error: Debug Failure. Did not expect JsxSelfClosingElement to have an Identifier in its trivia
    at addSyntheticNodes (/usr/share/code/resources/app/extensions/node_modules/typescript/lib/tsserver.js:145615:30)
    at createChildren (/usr/share/code/resources/app/extensions/node_modules/typescript/lib/tsserver.js:145604:9)
    at NodeObject.getChildren (/usr/share/code/resources/app/extensions/node_modules/typescript/lib/tsserver.js:145548:56)
    at getTokenAtPositionWorker (/usr/share/code/resources/app/extensions/node_modules/typescript/lib/tsserver.js:114211:43)
    at Object.getTokenAtPosition (/usr/share/code/resources/app/extensions/node_modules/typescript/lib/tsserver.js:114203:16)
    at getInfo (/usr/share/code/resources/app/extensions/node_modules/typescript/lib/tsserver.js:141166:28)
    at Object.getAvailableActions (/usr/share/code/resources/app/extensions/node_modules/typescript/lib/tsserver.js:141140:28)
    at /usr/share/code/resources/app/extensions/node_modules/typescript/lib/tsserver.js:133580:128
    at getIterator (/usr/share/code/resources/app/extensions/node_modules/typescript/lib/tsserver.js:567:23)
    at Object.flatMapIterator (/usr/share/code/resources/app/extensions/node_modules/typescript/lib/tsserver.js:550:27)
    at Object.getApplicableRefactors (/usr/share/code/resources/app/extensions/node_modules/typescript/lib/tsserver.js:133579:36)
    at Proxy.getApplicableRefactors (/usr/share/code/resources/app/extensions/node_modules/typescript/lib/tsserver.js:147478:32)
    at IOSession.Session.getApplicableRefactors (/usr/share/code/resources/app/extensions/node_modules/typescript/lib/tsserver.js:157926:53)
    at Session.handlers.ts.Map.ts.getEntries._a.<computed> (/usr/share/code/resources/app/extensions/node_modules/typescript/lib/tsserver.js:156671:61)
    at /usr/share/code/resources/app/extensions/node_modules/typescript/lib/tsserver.js:158276:88
    at IOSession.Session.executeWithRequestId (/usr/share/code/resources/app/extensions/node_modules/typescript/lib/tsserver.js:158267:28)
    at IOSession.Session.executeCommand (/usr/share/code/resources/app/extensions/node_modules/typescript/lib/tsserver.js:158276:33)
    at IOSession.Session.onMessage (/usr/share/code/resources/app/extensions/node_modules/typescript/lib/tsserver.js:158300:35)
    at Interface.<anonymous> (/usr/share/code/resources/app/extensions/node_modules/typescript/lib/tsserver.js:160510:27)
    at Interface.emit (events.js:223:5)
    at Interface._onLine (readline.js:315:10)
    at Interface._normalWrite (readline.js:460:12)
    at Socket.ondata (readline.js:172:10)
    at Socket.emit (events.js:223:5)
    at addChunk (_stream_readable.js:309:12)
    at readableAddChunk (_stream_readable.js:290:11)
    at Socket.Readable.push (_stream_readable.js:224:10)
    at Pipe.onStreamRead (internal/stream_base_commons.js:181:23)
	at Function.create (/usr/share/code/resources/app/extensions/typescript-language-features/dist/extension.js:1:76778)
	at dispatchResponse (/usr/share/code/resources/app/extensions/typescript-language-features/dist/extension.js:1:70653)
	at dispatchMessage (/usr/share/code/resources/app/extensions/typescript-language-features/dist/extension.js:1:69512)
	at /usr/share/code/resources/app/extensions/typescript-language-features/dist/extension.js:1:69022
	at l.fire (/usr/share/code/resources/app/out/vs/workbench/services/extensions/node/extensionHostProcess.js:46:801)
	at g.onLengthData (/usr/share/code/resources/app/extensions/typescript-language-features/dist/extension.js:45:60018)
	at Socket.<anonymous> (/usr/share/code/resources/app/extensions/typescript-language-features/dist/extension.js:45:59666)
	at Socket.emit (events.js:223:5)
	at addChunk (_stream_readable.js:309:12)
	at readableAddChunk (_stream_readable.js:290:11)
	at Socket.Readable.push (_stream_readable.js:224:10)
	at Pipe.onStreamRead (internal/stream_base_commons.js:181:23)
[2021-02-02 13:17:44.153] [renderer1] [error] <semantic> TypeScript Server Error (4.1.2)
Debug Failure. Did not expect JsxSelfClosingElement to have an Identifier in its trivia
Error: Debug Failure. Did not expect JsxSelfClosingElement to have an Identifier in its trivia
    at addSyntheticNodes (/usr/share/code/resources/app/extensions/node_modules/typescript/lib/tsserver.js:145615:30)
    at createChildren (/usr/share/code/resources/app/extensions/node_modules/typescript/lib/tsserver.js:145604:9)
    at NodeObject.getChildren (/usr/share/code/resources/app/extensions/node_modules/typescript/lib/tsserver.js:145548:56)
    at find (/usr/share/code/resources/app/extensions/node_modules/typescript/lib/tsserver.js:114281:30)
    at find (/usr/share/code/resources/app/extensions/node_modules/typescript/lib/tsserver.js:114315:32)
    at find (/usr/share/code/resources/app/extensions/node_modules/typescript/lib/tsserver.js:114315:32)
    at find (/usr/share/code/resources/app/extensions/node_modules/typescript/lib/tsserver.js:114315:32)
    at find (/usr/share/code/resources/app/extensions/node_modules/typescript/lib/tsserver.js:114315:32)
    at find (/usr/share/code/resources/app/extensions/node_modules/typescript/lib/tsserver.js:114315:32)
    at find (/usr/share/code/resources/app/extensions/node_modules/typescript/lib/tsserver.js:114315:32)
    at find (/usr/share/code/resources/app/extensions/node_modules/typescript/lib/tsserver.js:114315:32)
    at find (/usr/share/code/resources/app/extensions/node_modules/typescript/lib/tsserver.js:114315:32)
    at find (/usr/share/code/resources/app/extensions/node_modules/typescript/lib/tsserver.js:114315:32)
    at find (/usr/share/code/resources/app/extensions/node_modules/typescript/lib/tsserver.js:114315:32)
    at find (/usr/share/code/resources/app/extensions/node_modules/typescript/lib/tsserver.js:114315:32)
    at find (/usr/share/code/resources/app/extensions/node_modules/typescript/lib/tsserver.js:114315:32)
    at find (/usr/share/code/resources/app/extensions/node_modules/typescript/lib/tsserver.js:114315:32)
    at find (/usr/share/code/resources/app/extensions/node_modules/typescript/lib/tsserver.js:114315:32)
    at find (/usr/share/code/resources/app/extensions/node_modules/typescript/lib/tsserver.js:114315:32)
    at find (/usr/share/code/resources/app/extensions/node_modules/typescript/lib/tsserver.js:114315:32)
    at find (/usr/share/code/resources/app/extensions/node_modules/typescript/lib/tsserver.js:114315:32)
    at Object.findPrecedingToken (/usr/share/code/resources/app/extensions/node_modules/typescript/lib/tsserver.js:114274:22)
    at Object.getCompletionsAtPosition (/usr/share/code/resources/app/extensions/node_modules/typescript/lib/tsserver.js:117963:35)
    at Proxy.getCompletionsAtPosition (/usr/share/code/resources/app/extensions/node_modules/typescript/lib/tsserver.js:146718:35)
    at IOSession.Session.getCompletions (/usr/share/code/resources/app/extensions/node_modules/typescript/lib/tsserver.js:157642:64)
    at Session.handlers.ts.Map.ts.getEntries._a.<computed> (/usr/share/code/resources/app/extensions/node_modules/typescript/lib/tsserver.js:156526:61)
    at /usr/share/code/resources/app/extensions/node_modules/typescript/lib/tsserver.js:158276:88
    at IOSession.Session.executeWithRequestId (/usr/share/code/resources/app/extensions/node_modules/typescript/lib/tsserver.js:158267:28)
    at IOSession.Session.executeCommand (/usr/share/code/resources/app/extensions/node_modules/typescript/lib/tsserver.js:158276:33)
    at IOSession.Session.onMessage (/usr/share/code/resources/app/extensions/node_modules/typescript/lib/tsserver.js:158300:35)
    at Interface.<anonymous> (/usr/share/code/resources/app/extensions/node_modules/typescript/lib/tsserver.js:160510:27)
    at Interface.emit (events.js:223:5)
    at Interface._onLine (readline.js:315:10)
    at Interface._normalWrite (readline.js:460:12)
    at Socket.ondata (readline.js:172:10)
    at Socket.emit (events.js:223:5)
    at addChunk (_stream_readable.js:309:12)
    at readableAddChunk (_stream_readable.js:290:11)
    at Socket.Readable.push (_stream_readable.js:224:10)
    at Pipe.onStreamRead (internal/stream_base_commons.js:181:23): Error: <semantic> TypeScript Server Error (4.1.2)
Debug Failure. Did not expect JsxSelfClosingElement to have an Identifier in its trivia
Error: Debug Failure. Did not expect JsxSelfClosingElement to have an Identifier in its trivia
    at addSyntheticNodes (/usr/share/code/resources/app/extensions/node_modules/typescript/lib/tsserver.js:145615:30)
    at createChildren (/usr/share/code/resources/app/extensions/node_modules/typescript/lib/tsserver.js:145604:9)
    at NodeObject.getChildren (/usr/share/code/resources/app/extensions/node_modules/typescript/lib/tsserver.js:145548:56)
    at find (/usr/share/code/resources/app/extensions/node_modules/typescript/lib/tsserver.js:114281:30)
    at find (/usr/share/code/resources/app/extensions/node_modules/typescript/lib/tsserver.js:114315:32)
    at find (/usr/share/code/resources/app/extensions/node_modules/typescript/lib/tsserver.js:114315:32)
    at find (/usr/share/code/resources/app/extensions/node_modules/typescript/lib/tsserver.js:114315:32)
    at find (/usr/share/code/resources/app/extensions/node_modules/typescript/lib/tsserver.js:114315:32)
    at find (/usr/share/code/resources/app/extensions/node_modules/typescript/lib/tsserver.js:114315:32)
    at find (/usr/share/code/resources/app/extensions/node_modules/typescript/lib/tsserver.js:114315:32)
    at find (/usr/share/code/resources/app/extensions/node_modules/typescript/lib/tsserver.js:114315:32)
    at find (/usr/share/code/resources/app/extensions/node_modules/typescript/lib/tsserver.js:114315:32)
    at find (/usr/share/code/resources/app/extensions/node_modules/typescript/lib/tsserver.js:114315:32)
    at find (/usr/share/code/resources/app/extensions/node_modules/typescript/lib/tsserver.js:114315:32)
    at find (/usr/share/code/resources/app/extensions/node_modules/typescript/lib/tsserver.js:114315:32)
    at find (/usr/share/code/resources/app/extensions/node_modules/typescript/lib/tsserver.js:114315:32)
    at find (/usr/share/code/resources/app/extensions/node_modules/typescript/lib/tsserver.js:114315:32)
    at find (/usr/share/code/resources/app/extensions/node_modules/typescript/lib/tsserver.js:114315:32)
    at find (/usr/share/code/resources/app/extensions/node_modules/typescript/lib/tsserver.js:114315:32)
    at find (/usr/share/code/resources/app/extensions/node_modules/typescript/lib/tsserver.js:114315:32)
    at find (/usr/share/code/resources/app/extensions/node_modules/typescript/lib/tsserver.js:114315:32)
    at Object.findPrecedingToken (/usr/share/code/resources/app/extensions/node_modules/typescript/lib/tsserver.js:114274:22)
    at Object.getCompletionsAtPosition (/usr/share/code/resources/app/extensions/node_modules/typescript/lib/tsserver.js:117963:35)
    at Proxy.getCompletionsAtPosition (/usr/share/code/resources/app/extensions/node_modules/typescript/lib/tsserver.js:146718:35)
    at IOSession.Session.getCompletions (/usr/share/code/resources/app/extensions/node_modules/typescript/lib/tsserver.js:157642:64)
    at Session.handlers.ts.Map.ts.getEntries._a.<computed> (/usr/share/code/resources/app/extensions/node_modules/typescript/lib/tsserver.js:156526:61)
    at /usr/share/code/resources/app/extensions/node_modules/typescript/lib/tsserver.js:158276:88
    at IOSession.Session.executeWithRequestId (/usr/share/code/resources/app/extensions/node_modules/typescript/lib/tsserver.js:158267:28)
    at IOSession.Session.executeCommand (/usr/share/code/resources/app/extensions/node_modules/typescript/lib/tsserver.js:158276:33)
    at IOSession.Session.onMessage (/usr/share/code/resources/app/extensions/node_modules/typescript/lib/tsserver.js:158300:35)
    at Interface.<anonymous> (/usr/share/code/resources/app/extensions/node_modules/typescript/lib/tsserver.js:160510:27)
    at Interface.emit (events.js:223:5)
    at Interface._onLine (readline.js:315:10)
    at Interface._normalWrite (readline.js:460:12)
    at Socket.ondata (readline.js:172:10)
    at Socket.emit (events.js:223:5)
    at addChunk (_stream_readable.js:309:12)
    at readableAddChunk (_stream_readable.js:290:11)
    at Socket.Readable.push (_stream_readable.js:224:10)
    at Pipe.onStreamRead (internal/stream_base_commons.js:181:23)
	at Function.create (/usr/share/code/resources/app/extensions/typescript-language-features/dist/extension.js:1:76778)
	at dispatchResponse (/usr/share/code/resources/app/extensions/typescript-language-features/dist/extension.js:1:70653)
	at dispatchMessage (/usr/share/code/resources/app/extensions/typescript-language-features/dist/extension.js:1:69512)
	at /usr/share/code/resources/app/extensions/typescript-language-features/dist/extension.js:1:69022
	at l.fire (/usr/share/code/resources/app/out/vs/workbench/services/extensions/node/extensionHostProcess.js:46:801)
	at g.onLengthData (/usr/share/code/resources/app/extensions/typescript-language-features/dist/extension.js:45:60018)
	at Socket.<anonymous> (/usr/share/code/resources/app/extensions/typescript-language-features/dist/extension.js:45:59666)
	at Socket.emit (events.js:223:5)
	at addChunk (_stream_readable.js:309:12)
	at readableAddChunk (_stream_readable.js:290:11)
	at Socket.Readable.push (_stream_readable.js:224:10)
	at Pipe.onStreamRead (internal/stream_base_commons.js:181:23)
[2021-02-02 13:18:36.560] [renderer1] [error] <semantic> TypeScript Server Error (4.1.2)
Debug Failure. Did not expect JsxSelfClosingElement to have an Identifier in its trivia
Error: Debug Failure. Did not expect JsxSelfClosingElement to have an Identifier in its trivia
    at addSyntheticNodes (/usr/share/code/resources/app/extensions/node_modules/typescript/lib/tsserver.js:145615:30)
    at createChildren (/usr/share/code/resources/app/extensions/node_modules/typescript/lib/tsserver.js:145604:9)
    at NodeObject.getChildren (/usr/share/code/resources/app/extensions/node_modules/typescript/lib/tsserver.js:145548:56)
    at getTokenAtPositionWorker (/usr/share/code/resources/app/extensions/node_modules/typescript/lib/tsserver.js:114211:43)
    at Object.getTokenAtPosition (/usr/share/code/resources/app/extensions/node_modules/typescript/lib/tsserver.js:114203:16)
    at getInfo (/usr/share/code/resources/app/extensions/node_modules/typescript/lib/tsserver.js:141166:28)
    at Object.getAvailableActions (/usr/share/code/resources/app/extensions/node_modules/typescript/lib/tsserver.js:141140:28)
    at /usr/share/code/resources/app/extensions/node_modules/typescript/lib/tsserver.js:133580:128
    at getIterator (/usr/share/code/resources/app/extensions/node_modules/typescript/lib/tsserver.js:567:23)
    at Object.flatMapIterator (/usr/share/code/resources/app/extensions/node_modules/typescript/lib/tsserver.js:550:27)
    at Object.getApplicableRefactors (/usr/share/code/resources/app/extensions/node_modules/typescript/lib/tsserver.js:133579:36)
    at Proxy.getApplicableRefactors (/usr/share/code/resources/app/extensions/node_modules/typescript/lib/tsserver.js:147478:32)
    at IOSession.Session.getApplicableRefactors (/usr/share/code/resources/app/extensions/node_modules/typescript/lib/tsserver.js:157926:53)
    at Session.handlers.ts.Map.ts.getEntries._a.<computed> (/usr/share/code/resources/app/extensions/node_modules/typescript/lib/tsserver.js:156671:61)
    at /usr/share/code/resources/app/extensions/node_modules/typescript/lib/tsserver.js:158276:88
    at IOSession.Session.executeWithRequestId (/usr/share/code/resources/app/extensions/node_modules/typescript/lib/tsserver.js:158267:28)
    at IOSession.Session.executeCommand (/usr/share/code/resources/app/extensions/node_modules/typescript/lib/tsserver.js:158276:33)
    at IOSession.Session.onMessage (/usr/share/code/resources/app/extensions/node_modules/typescript/lib/tsserver.js:158300:35)
    at Interface.<anonymous> (/usr/share/code/resources/app/extensions/node_modules/typescript/lib/tsserver.js:160510:27)
    at Interface.emit (events.js:223:5)
    at Interface._onLine (readline.js:315:10)
    at Interface._normalWrite (readline.js:460:12)
    at Socket.ondata (readline.js:172:10)
    at Socket.emit (events.js:223:5)
    at addChunk (_stream_readable.js:309:12)
    at readableAddChunk (_stream_readable.js:290:11)
    at Socket.Readable.push (_stream_readable.js:224:10)
    at Pipe.onStreamRead (internal/stream_base_commons.js:181:23): Error: <semantic> TypeScript Server Error (4.1.2)
Debug Failure. Did not expect JsxSelfClosingElement to have an Identifier in its trivia
Error: Debug Failure. Did not expect JsxSelfClosingElement to have an Identifier in its trivia
    at addSyntheticNodes (/usr/share/code/resources/app/extensions/node_modules/typescript/lib/tsserver.js:145615:30)
    at createChildren (/usr/share/code/resources/app/extensions/node_modules/typescript/lib/tsserver.js:145604:9)
    at NodeObject.getChildren (/usr/share/code/resources/app/extensions/node_modules/typescript/lib/tsserver.js:145548:56)
    at getTokenAtPositionWorker (/usr/share/code/resources/app/extensions/node_modules/typescript/lib/tsserver.js:114211:43)
    at Object.getTokenAtPosition (/usr/share/code/resources/app/extensions/node_modules/typescript/lib/tsserver.js:114203:16)
    at getInfo (/usr/share/code/resources/app/extensions/node_modules/typescript/lib/tsserver.js:141166:28)
    at Object.getAvailableActions (/usr/share/code/resources/app/extensions/node_modules/typescript/lib/tsserver.js:141140:28)
    at /usr/share/code/resources/app/extensions/node_modules/typescript/lib/tsserver.js:133580:128
    at getIterator (/usr/share/code/resources/app/extensions/node_modules/typescript/lib/tsserver.js:567:23)
    at Object.flatMapIterator (/usr/share/code/resources/app/extensions/node_modules/typescript/lib/tsserver.js:550:27)
    at Object.getApplicableRefactors (/usr/share/code/resources/app/extensions/node_modules/typescript/lib/tsserver.js:133579:36)
    at Proxy.getApplicableRefactors (/usr/share/code/resources/app/extensions/node_modules/typescript/lib/tsserver.js:147478:32)
    at IOSession.Session.getApplicableRefactors (/usr/share/code/resources/app/extensions/node_modules/typescript/lib/tsserver.js:157926:53)
    at Session.handlers.ts.Map.ts.getEntries._a.<computed> (/usr/share/code/resources/app/extensions/node_modules/typescript/lib/tsserver.js:156671:61)
    at /usr/share/code/resources/app/extensions/node_modules/typescript/lib/tsserver.js:158276:88
    at IOSession.Session.executeWithRequestId (/usr/share/code/resources/app/extensions/node_modules/typescript/lib/tsserver.js:158267:28)
    at IOSession.Session.executeCommand (/usr/share/code/resources/app/extensions/node_modules/typescript/lib/tsserver.js:158276:33)
    at IOSession.Session.onMessage (/usr/share/code/resources/app/extensions/node_modules/typescript/lib/tsserver.js:158300:35)
    at Interface.<anonymous> (/usr/share/code/resources/app/extensions/node_modules/typescript/lib/tsserver.js:160510:27)
    at Interface.emit (events.js:223:5)
    at Interface._onLine (readline.js:315:10)
    at Interface._normalWrite (readline.js:460:12)
    at Socket.ondata (readline.js:172:10)
    at Socket.emit (events.js:223:5)
    at addChunk (_stream_readable.js:309:12)
    at readableAddChunk (_stream_readable.js:290:11)
    at Socket.Readable.push (_stream_readable.js:224:10)
    at Pipe.onStreamRead (internal/stream_base_commons.js:181:23)
	at Function.create (/usr/share/code/resources/app/extensions/typescript-language-features/dist/extension.js:1:76778)
	at dispatchResponse (/usr/share/code/resources/app/extensions/typescript-language-features/dist/extension.js:1:70653)
	at dispatchMessage (/usr/share/code/resources/app/extensions/typescript-language-features/dist/extension.js:1:69512)
	at /usr/share/code/resources/app/extensions/typescript-language-features/dist/extension.js:1:69022
	at l.fire (/usr/share/code/resources/app/out/vs/workbench/services/extensions/node/extensionHostProcess.js:46:801)
	at g.onLengthData (/usr/share/code/resources/app/extensions/typescript-language-features/dist/extension.js:45:60018)
	at Socket.<anonymous> (/usr/share/code/resources/app/extensions/typescript-language-features/dist/extension.js:45:59666)
	at Socket.emit (events.js:223:5)
	at addChunk (_stream_readable.js:309:12)
	at readableAddChunk (_stream_readable.js:290:11)
	at Socket.Readable.push (_stream_readable.js:224:10)
	at Pipe.onStreamRead (internal/stream_base_commons.js:181:23)
